{"C:\\SENAPARKING (2)\\SENAPARKING\\SENAPARKING\\SENAPARKING\\config\\db.js": {"path":"C:\\SENAPARKING (2)\\SENAPARKING\\SENAPARKING\\SENAPARKING\\config\\db.js","statementMap":{"0":{"start":{"line":1,"column":14},"end":{"line":1,"column":39}},"1":{"start":{"line":2,"column":15},"end":{"line":2,"column":32}},"2":{"start":{"line":3,"column":0},"end":{"line":3,"column":16}},"3":{"start":{"line":5,"column":13},"end":{"line":14,"column":2}},"4":{"start":{"line":16,"column":0},"end":{"line":16,"column":22}}},"fnMap":{},"branchMap":{"0":{"loc":{"start":{"line":6,"column":8},"end":{"line":6,"column":42}},"type":"binary-expr","locations":[{"start":{"line":6,"column":8},"end":{"line":6,"column":27}},{"start":{"line":6,"column":31},"end":{"line":6,"column":42}}],"line":6},"1":{"loc":{"start":{"line":7,"column":8},"end":{"line":7,"column":37}},"type":"binary-expr","locations":[{"start":{"line":7,"column":8},"end":{"line":7,"column":27}},{"start":{"line":7,"column":31},"end":{"line":7,"column":37}}],"line":7},"2":{"loc":{"start":{"line":8,"column":12},"end":{"line":8,"column":41}},"type":"binary-expr","locations":[{"start":{"line":8,"column":12},"end":{"line":8,"column":35}},{"start":{"line":8,"column":39},"end":{"line":8,"column":41}}],"line":8},"3":{"loc":{"start":{"line":9,"column":12},"end":{"line":9,"column":52}},"type":"binary-expr","locations":[{"start":{"line":9,"column":12},"end":{"line":9,"column":31}},{"start":{"line":9,"column":35},"end":{"line":9,"column":52}}],"line":9},"4":{"loc":{"start":{"line":10,"column":8},"end":{"line":10,"column":35}},"type":"binary-expr","locations":[{"start":{"line":10,"column":8},"end":{"line":10,"column":27}},{"start":{"line":10,"column":31},"end":{"line":10,"column":35}}],"line":10}},"s":{"0":6,"1":6,"2":6,"3":6,"4":6},"f":{},"b":{"0":[6,0],"1":[6,0],"2":[6,6],"3":[6,0],"4":[6,0]},"_coverageSchema":"1a1c01bbd47fc00a2c39e90264f33305004495a9","hash":"da4437e5027f40d6f3c953dc3fd501b731bc6d8d"}
,"C:\\SENAPARKING (2)\\SENAPARKING\\SENAPARKING\\SENAPARKING\\controllers\\authController.js": {"path":"C:\\SENAPARKING (2)\\SENAPARKING\\SENAPARKING\\SENAPARKING\\controllers\\authController.js","statementMap":{"0":{"start":{"line":1,"column":15},"end":{"line":1,"column":32}},"1":{"start":{"line":2,"column":12},"end":{"line":2,"column":35}},"2":{"start":{"line":3,"column":13},"end":{"line":3,"column":43}},"3":{"start":{"line":4,"column":11},"end":{"line":4,"column":34}},"4":{"start":{"line":6,"column":19},"end":{"line":6,"column":40}},"5":{"start":{"line":7,"column":15},"end":{"line":7,"column":32}},"6":{"start":{"line":8,"column":0},"end":{"line":8,"column":16}},"7":{"start":{"line":11,"column":19},"end":{"line":11,"column":28}},"8":{"start":{"line":14,"column":20},"end":{"line":20,"column":2}},"9":{"start":{"line":22,"column":23},"end":{"line":103,"column":1}},"10":{"start":{"line":24,"column":4},"end":{"line":35,"column":5}},"11":{"start":{"line":25,"column":81},"end":{"line":25,"column":89}},"12":{"start":{"line":26,"column":21},"end":{"line":26,"column":51}},"13":{"start":{"line":27,"column":6},"end":{"line":27,"column":83}},"14":{"start":{"line":27,"column":18},"end":{"line":27,"column":83}},"15":{"start":{"line":28,"column":21},"end":{"line":28,"column":54}},"16":{"start":{"line":29,"column":20},"end":{"line":29,"column":113}},"17":{"start":{"line":30,"column":19},"end":{"line":30,"column":45}},"18":{"start":{"line":31,"column":6},"end":{"line":31,"column":64}},"19":{"start":{"line":33,"column":6},"end":{"line":33,"column":25}},"20":{"start":{"line":34,"column":6},"end":{"line":34,"column":61}},"21":{"start":{"line":38,"column":4},"end":{"line":58,"column":5}},"22":{"start":{"line":39,"column":37},"end":{"line":39,"column":45}},"23":{"start":{"line":40,"column":19},"end":{"line":40,"column":49}},"24":{"start":{"line":42,"column":6},"end":{"line":42,"column":104}},"25":{"start":{"line":42,"column":17},"end":{"line":42,"column":104}},"26":{"start":{"line":45,"column":6},"end":{"line":47,"column":7}},"27":{"start":{"line":46,"column":8},"end":{"line":46,"column":169}},"28":{"start":{"line":49,"column":17},"end":{"line":49,"column":66}},"29":{"start":{"line":50,"column":6},"end":{"line":50,"column":81}},"30":{"start":{"line":50,"column":15},"end":{"line":50,"column":81}},"31":{"start":{"line":52,"column":22},"end":{"line":52,"column":140}},"32":{"start":{"line":53,"column":20},"end":{"line":53,"column":112}},"33":{"start":{"line":54,"column":6},"end":{"line":54,"column":41}},"34":{"start":{"line":56,"column":6},"end":{"line":56,"column":47}},"35":{"start":{"line":57,"column":6},"end":{"line":57,"column":121}},"36":{"start":{"line":62,"column":4},"end":{"line":85,"column":5}},"37":{"start":{"line":63,"column":25},"end":{"line":63,"column":33}},"38":{"start":{"line":64,"column":19},"end":{"line":64,"column":49}},"39":{"start":{"line":65,"column":6},"end":{"line":65,"column":98}},"40":{"start":{"line":65,"column":17},"end":{"line":65,"column":98}},"41":{"start":{"line":68,"column":19},"end":{"line":68,"column":73}},"42":{"start":{"line":69,"column":6},"end":{"line":69,"column":35}},"43":{"start":{"line":72,"column":19},"end":{"line":77,"column":8}},"44":{"start":{"line":79,"column":6},"end":{"line":79,"column":54}},"45":{"start":{"line":81,"column":6},"end":{"line":81,"column":69}},"46":{"start":{"line":83,"column":6},"end":{"line":83,"column":52}},"47":{"start":{"line":84,"column":6},"end":{"line":84,"column":122}},"48":{"start":{"line":89,"column":4},"end":{"line":101,"column":5}},"49":{"start":{"line":90,"column":50},"end":{"line":90,"column":58}},"50":{"start":{"line":91,"column":24},"end":{"line":91,"column":46}},"51":{"start":{"line":92,"column":6},"end":{"line":92,"column":138}},"52":{"start":{"line":92,"column":46},"end":{"line":92,"column":138}},"53":{"start":{"line":94,"column":21},"end":{"line":94,"column":59}},"54":{"start":{"line":95,"column":6},"end":{"line":95,"column":93}},"55":{"start":{"line":96,"column":6},"end":{"line":96,"column":32}},"56":{"start":{"line":97,"column":6},"end":{"line":97,"column":88}},"57":{"start":{"line":99,"column":6},"end":{"line":99,"column":25}},"58":{"start":{"line":100,"column":6},"end":{"line":100,"column":82}},"59":{"start":{"line":105,"column":0},"end":{"line":105,"column":32}}},"fnMap":{"0":{"name":"(anonymous_0)","decl":{"start":{"line":23,"column":2},"end":{"line":23,"column":3}},"loc":{"start":{"line":23,"column":27},"end":{"line":36,"column":3}},"line":23},"1":{"name":"(anonymous_1)","decl":{"start":{"line":37,"column":2},"end":{"line":37,"column":3}},"loc":{"start":{"line":37,"column":24},"end":{"line":59,"column":3}},"line":37},"2":{"name":"(anonymous_2)","decl":{"start":{"line":61,"column":2},"end":{"line":61,"column":3}},"loc":{"start":{"line":61,"column":33},"end":{"line":86,"column":3}},"line":61},"3":{"name":"(anonymous_3)","decl":{"start":{"line":88,"column":2},"end":{"line":88,"column":3}},"loc":{"start":{"line":88,"column":32},"end":{"line":102,"column":3}},"line":88}},"branchMap":{"0":{"loc":{"start":{"line":27,"column":6},"end":{"line":27,"column":83}},"type":"if","locations":[{"start":{"line":27,"column":6},"end":{"line":27,"column":83}},{"start":{},"end":{}}],"line":27},"1":{"loc":{"start":{"line":42,"column":6},"end":{"line":42,"column":104}},"type":"if","locations":[{"start":{"line":42,"column":6},"end":{"line":42,"column":104}},{"start":{},"end":{}}],"line":42},"2":{"loc":{"start":{"line":45,"column":6},"end":{"line":47,"column":7}},"type":"if","locations":[{"start":{"line":45,"column":6},"end":{"line":47,"column":7}},{"start":{},"end":{}}],"line":45},"3":{"loc":{"start":{"line":50,"column":6},"end":{"line":50,"column":81}},"type":"if","locations":[{"start":{"line":50,"column":6},"end":{"line":50,"column":81}},{"start":{},"end":{}}],"line":50},"4":{"loc":{"start":{"line":53,"column":75},"end":{"line":53,"column":109}},"type":"binary-expr","locations":[{"start":{"line":53,"column":75},"end":{"line":53,"column":101}},{"start":{"line":53,"column":105},"end":{"line":53,"column":109}}],"line":53},"5":{"loc":{"start":{"line":57,"column":64},"end":{"line":57,"column":116}},"type":"binary-expr","locations":[{"start":{"line":57,"column":64},"end":{"line":57,"column":75}},{"start":{"line":57,"column":79},"end":{"line":57,"column":116}}],"line":57},"6":{"loc":{"start":{"line":65,"column":6},"end":{"line":65,"column":98}},"type":"if","locations":[{"start":{"line":65,"column":6},"end":{"line":65,"column":98}},{"start":{},"end":{}}],"line":65},"7":{"loc":{"start":{"line":92,"column":6},"end":{"line":92,"column":138}},"type":"if","locations":[{"start":{"line":92,"column":6},"end":{"line":92,"column":138}},{"start":{},"end":{}}],"line":92},"8":{"loc":{"start":{"line":92,"column":10},"end":{"line":92,"column":44}},"type":"binary-expr","locations":[{"start":{"line":92,"column":10},"end":{"line":92,"column":20}},{"start":{"line":92,"column":24},"end":{"line":92,"column":44}}],"line":92}},"s":{"0":1,"1":1,"2":1,"3":1,"4":1,"5":1,"6":1,"7":1,"8":1,"9":1,"10":3,"11":3,"12":3,"13":2,"14":1,"15":1,"16":1,"17":1,"18":1,"19":1,"20":1,"21":4,"22":4,"23":4,"24":4,"25":1,"26":3,"27":0,"28":3,"29":3,"30":1,"31":2,"32":2,"33":2,"34":0,"35":0,"36":0,"37":0,"38":0,"39":0,"40":0,"41":0,"42":0,"43":0,"44":0,"45":0,"46":0,"47":0,"48":0,"49":0,"50":0,"51":0,"52":0,"53":0,"54":0,"55":0,"56":0,"57":0,"58":0,"59":1},"f":{"0":3,"1":4,"2":0,"3":0},"b":{"0":[1,1],"1":[1,3],"2":[0,3],"3":[1,2],"4":[2,0],"5":[0,0],"6":[0,0],"7":[0,0],"8":[0,0]},"_coverageSchema":"1a1c01bbd47fc00a2c39e90264f33305004495a9","hash":"8b1dd770f23f51f40f0849adbf4e33c15851377e"}
,"C:\\SENAPARKING (2)\\SENAPARKING\\SENAPARKING\\SENAPARKING\\controllers\\movimientoController.js": {"path":"C:\\SENAPARKING (2)\\SENAPARKING\\SENAPARKING\\SENAPARKING\\controllers\\movimientoController.js","statementMap":{"0":{"start":{"line":1,"column":19},"end":{"line":1,"column":55}},"1":{"start":{"line":2,"column":16},"end":{"line":2,"column":49}},"2":{"start":{"line":3,"column":21},"end":{"line":3,"column":59}},"3":{"start":{"line":5,"column":29},"end":{"line":80,"column":1}},"4":{"start":{"line":7,"column":4},"end":{"line":26,"column":5}},"5":{"start":{"line":8,"column":29},"end":{"line":8,"column":37}},"6":{"start":{"line":9,"column":18},"end":{"line":9,"column":51}},"7":{"start":{"line":10,"column":6},"end":{"line":10,"column":83}},"8":{"start":{"line":10,"column":16},"end":{"line":10,"column":83}},"9":{"start":{"line":12,"column":21},"end":{"line":12,"column":68}},"10":{"start":{"line":13,"column":6},"end":{"line":13,"column":81}},"11":{"start":{"line":13,"column":18},"end":{"line":13,"column":81}},"12":{"start":{"line":15,"column":17},"end":{"line":15,"column":53}},"13":{"start":{"line":16,"column":6},"end":{"line":16,"column":96}},"14":{"start":{"line":18,"column":6},"end":{"line":22,"column":9}},"15":{"start":{"line":24,"column":6},"end":{"line":24,"column":25}},"16":{"start":{"line":25,"column":6},"end":{"line":25,"column":49}},"17":{"start":{"line":30,"column":4},"end":{"line":60,"column":5}},"18":{"start":{"line":31,"column":38},"end":{"line":31,"column":46}},"19":{"start":{"line":33,"column":6},"end":{"line":36,"column":7}},"20":{"start":{"line":34,"column":20},"end":{"line":34,"column":57}},"21":{"start":{"line":35,"column":8},"end":{"line":35,"column":75}},"22":{"start":{"line":38,"column":6},"end":{"line":53,"column":7}},"23":{"start":{"line":39,"column":20},"end":{"line":39,"column":52}},"24":{"start":{"line":40,"column":8},"end":{"line":40,"column":82}},"25":{"start":{"line":40,"column":18},"end":{"line":40,"column":82}},"26":{"start":{"line":42,"column":23},"end":{"line":42,"column":74}},"27":{"start":{"line":43,"column":8},"end":{"line":43,"column":99}},"28":{"start":{"line":43,"column":21},"end":{"line":43,"column":99}},"29":{"start":{"line":45,"column":20},"end":{"line":45,"column":64}},"30":{"start":{"line":46,"column":8},"end":{"line":46,"column":97}},"31":{"start":{"line":48,"column":8},"end":{"line":52,"column":11}},"32":{"start":{"line":55,"column":6},"end":{"line":55,"column":70}},"33":{"start":{"line":58,"column":6},"end":{"line":58,"column":25}},"34":{"start":{"line":59,"column":6},"end":{"line":59,"column":49}},"35":{"start":{"line":64,"column":27},"end":{"line":64,"column":36}},"36":{"start":{"line":65,"column":17},"end":{"line":65,"column":61}},"37":{"start":{"line":66,"column":4},"end":{"line":66,"column":19}},"38":{"start":{"line":71,"column":17},"end":{"line":71,"column":43}},"39":{"start":{"line":72,"column":4},"end":{"line":72,"column":19}},"40":{"start":{"line":77,"column":17},"end":{"line":77,"column":54}},"41":{"start":{"line":78,"column":4},"end":{"line":78,"column":19}},"42":{"start":{"line":82,"column":0},"end":{"line":82,"column":38}}},"fnMap":{"0":{"name":"(anonymous_0)","decl":{"start":{"line":6,"column":2},"end":{"line":6,"column":3}},"loc":{"start":{"line":6,"column":26},"end":{"line":27,"column":3}},"line":6},"1":{"name":"(anonymous_1)","decl":{"start":{"line":29,"column":2},"end":{"line":29,"column":3}},"loc":{"start":{"line":29,"column":25},"end":{"line":61,"column":3}},"line":29},"2":{"name":"(anonymous_2)","decl":{"start":{"line":63,"column":2},"end":{"line":63,"column":3}},"loc":{"start":{"line":63,"column":30},"end":{"line":67,"column":3}},"line":63},"3":{"name":"(anonymous_3)","decl":{"start":{"line":70,"column":2},"end":{"line":70,"column":3}},"loc":{"start":{"line":70,"column":26},"end":{"line":73,"column":3}},"line":70},"4":{"name":"(anonymous_4)","decl":{"start":{"line":76,"column":2},"end":{"line":76,"column":3}},"loc":{"start":{"line":76,"column":34},"end":{"line":79,"column":3}},"line":76}},"branchMap":{"0":{"loc":{"start":{"line":10,"column":6},"end":{"line":10,"column":83}},"type":"if","locations":[{"start":{"line":10,"column":6},"end":{"line":10,"column":83}},{"start":{},"end":{}}],"line":10},"1":{"loc":{"start":{"line":13,"column":6},"end":{"line":13,"column":81}},"type":"if","locations":[{"start":{"line":13,"column":6},"end":{"line":13,"column":81}},{"start":{},"end":{}}],"line":13},"2":{"loc":{"start":{"line":33,"column":6},"end":{"line":36,"column":7}},"type":"if","locations":[{"start":{"line":33,"column":6},"end":{"line":36,"column":7}},{"start":{},"end":{}}],"line":33},"3":{"loc":{"start":{"line":38,"column":6},"end":{"line":53,"column":7}},"type":"if","locations":[{"start":{"line":38,"column":6},"end":{"line":53,"column":7}},{"start":{},"end":{}}],"line":38},"4":{"loc":{"start":{"line":40,"column":8},"end":{"line":40,"column":82}},"type":"if","locations":[{"start":{"line":40,"column":8},"end":{"line":40,"column":82}},{"start":{},"end":{}}],"line":40},"5":{"loc":{"start":{"line":43,"column":8},"end":{"line":43,"column":99}},"type":"if","locations":[{"start":{"line":43,"column":8},"end":{"line":43,"column":99}},{"start":{},"end":{}}],"line":43}},"s":{"0":1,"1":1,"2":1,"3":1,"4":6,"5":6,"6":6,"7":6,"8":2,"9":4,"10":4,"11":1,"12":3,"13":3,"14":3,"15":0,"16":0,"17":5,"18":5,"19":5,"20":1,"21":1,"22":4,"23":3,"24":3,"25":1,"26":2,"27":2,"28":1,"29":1,"30":1,"31":1,"32":1,"33":0,"34":0,"35":1,"36":1,"37":1,"38":0,"39":0,"40":0,"41":0,"42":1},"f":{"0":6,"1":5,"2":1,"3":0,"4":0},"b":{"0":[2,4],"1":[1,3],"2":[1,4],"3":[3,1],"4":[1,2],"5":[1,1]},"_coverageSchema":"1a1c01bbd47fc00a2c39e90264f33305004495a9","hash":"187fe9d78be11acd9b6c28f3d509f5778f270743"}
,"C:\\SENAPARKING (2)\\SENAPARKING\\SENAPARKING\\SENAPARKING\\controllers\\vehicleController.js": {"path":"C:\\SENAPARKING (2)\\SENAPARKING\\SENAPARKING\\SENAPARKING\\controllers\\vehicleController.js","statementMap":{"0":{"start":{"line":1,"column":16},"end":{"line":1,"column":49}},"1":{"start":{"line":3,"column":26},"end":{"line":38,"column":1}},"2":{"start":{"line":5,"column":17},"end":{"line":5,"column":25}},"3":{"start":{"line":6,"column":19},"end":{"line":6,"column":56}},"4":{"start":{"line":7,"column":4},"end":{"line":7,"column":80}},"5":{"start":{"line":7,"column":16},"end":{"line":7,"column":80}},"6":{"start":{"line":9,"column":15},"end":{"line":16,"column":6}},"7":{"start":{"line":18,"column":4},"end":{"line":18,"column":65}},"8":{"start":{"line":22,"column":22},"end":{"line":22,"column":33}},"9":{"start":{"line":23,"column":21},"end":{"line":23,"column":56}},"10":{"start":{"line":24,"column":4},"end":{"line":24,"column":23}},"11":{"start":{"line":29,"column":17},"end":{"line":29,"column":40}},"12":{"start":{"line":30,"column":4},"end":{"line":30,"column":19}},"13":{"start":{"line":34,"column":15},"end":{"line":34,"column":28}},"14":{"start":{"line":35,"column":4},"end":{"line":35,"column":29}},"15":{"start":{"line":36,"column":4},"end":{"line":36,"column":48}},"16":{"start":{"line":40,"column":0},"end":{"line":40,"column":35}}},"fnMap":{"0":{"name":"(anonymous_0)","decl":{"start":{"line":4,"column":2},"end":{"line":4,"column":3}},"loc":{"start":{"line":4,"column":25},"end":{"line":19,"column":3}},"line":4},"1":{"name":"(anonymous_1)","decl":{"start":{"line":21,"column":2},"end":{"line":21,"column":3}},"loc":{"start":{"line":21,"column":29},"end":{"line":25,"column":3}},"line":21},"2":{"name":"(anonymous_2)","decl":{"start":{"line":28,"column":2},"end":{"line":28,"column":3}},"loc":{"start":{"line":28,"column":26},"end":{"line":31,"column":3}},"line":28},"3":{"name":"(anonymous_3)","decl":{"start":{"line":33,"column":2},"end":{"line":33,"column":3}},"loc":{"start":{"line":33,"column":25},"end":{"line":37,"column":3}},"line":33}},"branchMap":{"0":{"loc":{"start":{"line":7,"column":4},"end":{"line":7,"column":80}},"type":"if","locations":[{"start":{"line":7,"column":4},"end":{"line":7,"column":80}},{"start":{},"end":{}}],"line":7},"1":{"loc":{"start":{"line":10,"column":17},"end":{"line":10,"column":46}},"type":"binary-expr","locations":[{"start":{"line":10,"column":17},"end":{"line":10,"column":31}},{"start":{"line":10,"column":35},"end":{"line":10,"column":46}}],"line":10},"2":{"loc":{"start":{"line":15,"column":12},"end":{"line":15,"column":29}},"type":"binary-expr","locations":[{"start":{"line":15,"column":12},"end":{"line":15,"column":21}},{"start":{"line":15,"column":25},"end":{"line":15,"column":29}}],"line":15}},"s":{"0":1,"1":1,"2":3,"3":3,"4":3,"5":1,"6":2,"7":2,"8":1,"9":1,"10":1,"11":1,"12":1,"13":1,"14":1,"15":1,"16":1},"f":{"0":3,"1":1,"2":1,"3":1},"b":{"0":[1,2],"1":[2,1],"2":[2,2]},"_coverageSchema":"1a1c01bbd47fc00a2c39e90264f33305004495a9","hash":"93ab59093671bc2799c4637c9d05d76724a908cc"}
,"C:\\SENAPARKING (2)\\SENAPARKING\\SENAPARKING\\SENAPARKING\\middlewares\\auth.js": {"path":"C:\\SENAPARKING (2)\\SENAPARKING\\SENAPARKING\\SENAPARKING\\middlewares\\auth.js","statementMap":{"0":{"start":{"line":1,"column":12},"end":{"line":1,"column":35}},"1":{"start":{"line":2,"column":15},"end":{"line":2,"column":32}},"2":{"start":{"line":3,"column":0},"end":{"line":3,"column":16}},"3":{"start":{"line":5,"column":21},"end":{"line":16,"column":1}},"4":{"start":{"line":6,"column":21},"end":{"line":6,"column":46}},"5":{"start":{"line":7,"column":2},"end":{"line":7,"column":76}},"6":{"start":{"line":7,"column":18},"end":{"line":7,"column":76}},"7":{"start":{"line":8,"column":16},"end":{"line":8,"column":40}},"8":{"start":{"line":9,"column":2},"end":{"line":15,"column":3}},"9":{"start":{"line":10,"column":20},"end":{"line":10,"column":61}},"10":{"start":{"line":11,"column":4},"end":{"line":11,"column":23}},"11":{"start":{"line":12,"column":4},"end":{"line":12,"column":11}},"12":{"start":{"line":14,"column":4},"end":{"line":14,"column":62}},"13":{"start":{"line":18,"column":0},"end":{"line":18,"column":30}}},"fnMap":{"0":{"name":"(anonymous_0)","decl":{"start":{"line":5,"column":21},"end":{"line":5,"column":22}},"loc":{"start":{"line":5,"column":41},"end":{"line":16,"column":1}},"line":5}},"branchMap":{"0":{"loc":{"start":{"line":7,"column":2},"end":{"line":7,"column":76}},"type":"if","locations":[{"start":{"line":7,"column":2},"end":{"line":7,"column":76}},{"start":{},"end":{}}],"line":7}},"s":{"0":1,"1":1,"2":1,"3":1,"4":5,"5":5,"6":1,"7":4,"8":4,"9":4,"10":2,"11":2,"12":2,"13":1},"f":{"0":5},"b":{"0":[1,4]},"_coverageSchema":"1a1c01bbd47fc00a2c39e90264f33305004495a9","hash":"69715ba0e7d107136a741cb838871ee4cbe34a67"}
,"C:\\SENAPARKING (2)\\SENAPARKING\\SENAPARKING\\SENAPARKING\\models\\movimientoModel.js": {"path":"C:\\SENAPARKING (2)\\SENAPARKING\\SENAPARKING\\SENAPARKING\\models\\movimientoModel.js","statementMap":{"0":{"start":{"line":1,"column":11},"end":{"line":1,"column":34}},"1":{"start":{"line":3,"column":19},"end":{"line":68,"column":1}},"2":{"start":{"line":5,"column":21},"end":{"line":8,"column":5}},"3":{"start":{"line":9,"column":4},"end":{"line":9,"column":27}},"4":{"start":{"line":14,"column":4},"end":{"line":14,"column":121}},"5":{"start":{"line":15,"column":19},"end":{"line":15,"column":100}},"6":{"start":{"line":16,"column":4},"end":{"line":16,"column":19}},"7":{"start":{"line":20,"column":19},"end":{"line":23,"column":5}},"8":{"start":{"line":24,"column":4},"end":{"line":24,"column":19}},"9":{"start":{"line":28,"column":19},"end":{"line":35,"column":5}},"10":{"start":{"line":36,"column":4},"end":{"line":36,"column":16}},"11":{"start":{"line":41,"column":21},"end":{"line":50,"column":8}},"12":{"start":{"line":52,"column":6},"end":{"line":52,"column":18}},"13":{"start":{"line":57,"column":19},"end":{"line":64,"column":5}},"14":{"start":{"line":65,"column":4},"end":{"line":65,"column":16}},"15":{"start":{"line":70,"column":0},"end":{"line":70,"column":28}}},"fnMap":{"0":{"name":"(anonymous_0)","decl":{"start":{"line":4,"column":2},"end":{"line":4,"column":3}},"loc":{"start":{"line":4,"column":28},"end":{"line":10,"column":3}},"line":4},"1":{"name":"(anonymous_1)","decl":{"start":{"line":12,"column":2},"end":{"line":12,"column":3}},"loc":{"start":{"line":12,"column":29},"end":{"line":17,"column":3}},"line":12},"2":{"name":"(anonymous_2)","decl":{"start":{"line":19,"column":2},"end":{"line":19,"column":3}},"loc":{"start":{"line":19,"column":39},"end":{"line":25,"column":3}},"line":19},"3":{"name":"(anonymous_3)","decl":{"start":{"line":27,"column":2},"end":{"line":27,"column":3}},"loc":{"start":{"line":27,"column":36},"end":{"line":37,"column":3}},"line":27},"4":{"name":"(anonymous_4)","decl":{"start":{"line":40,"column":4},"end":{"line":40,"column":5}},"loc":{"start":{"line":40,"column":20},"end":{"line":53,"column":5}},"line":40},"5":{"name":"(anonymous_5)","decl":{"start":{"line":56,"column":2},"end":{"line":56,"column":3}},"loc":{"start":{"line":56,"column":29},"end":{"line":66,"column":3}},"line":56}},"branchMap":{},"s":{"0":1,"1":1,"2":0,"3":0,"4":0,"5":0,"6":0,"7":0,"8":0,"9":0,"10":0,"11":0,"12":0,"13":0,"14":0,"15":1},"f":{"0":0,"1":0,"2":0,"3":0,"4":0,"5":0},"b":{},"_coverageSchema":"1a1c01bbd47fc00a2c39e90264f33305004495a9","hash":"189ec6fc5f46eecac0d193e03d346e9d61c406be"}
,"C:\\SENAPARKING (2)\\SENAPARKING\\SENAPARKING\\SENAPARKING\\models\\notificacionModel.js": {"path":"C:\\SENAPARKING (2)\\SENAPARKING\\SENAPARKING\\SENAPARKING\\models\\notificacionModel.js","statementMap":{"0":{"start":{"line":1,"column":11},"end":{"line":1,"column":34}},"1":{"start":{"line":3,"column":21},"end":{"line":15,"column":1}},"2":{"start":{"line":5,"column":21},"end":{"line":5,"column":120}},"3":{"start":{"line":6,"column":4},"end":{"line":6,"column":27}},"4":{"start":{"line":9,"column":19},"end":{"line":9,"column":116}},"5":{"start":{"line":10,"column":4},"end":{"line":10,"column":16}},"6":{"start":{"line":13,"column":4},"end":{"line":13,"column":99}},"7":{"start":{"line":17,"column":0},"end":{"line":17,"column":30}}},"fnMap":{"0":{"name":"(anonymous_0)","decl":{"start":{"line":4,"column":2},"end":{"line":4,"column":3}},"loc":{"start":{"line":4,"column":35},"end":{"line":7,"column":3}},"line":4},"1":{"name":"(anonymous_1)","decl":{"start":{"line":8,"column":2},"end":{"line":8,"column":3}},"loc":{"start":{"line":8,"column":31},"end":{"line":11,"column":3}},"line":8},"2":{"name":"(anonymous_2)","decl":{"start":{"line":12,"column":2},"end":{"line":12,"column":3}},"loc":{"start":{"line":12,"column":33},"end":{"line":14,"column":3}},"line":12}},"branchMap":{},"s":{"0":1,"1":1,"2":0,"3":0,"4":0,"5":0,"6":0,"7":1},"f":{"0":0,"1":0,"2":0},"b":{},"_coverageSchema":"1a1c01bbd47fc00a2c39e90264f33305004495a9","hash":"75f7997017dc203f27efe257c18abc36074e3e75"}
,"C:\\SENAPARKING (2)\\SENAPARKING\\SENAPARKING\\SENAPARKING\\models\\userModel.js": {"path":"C:\\SENAPARKING (2)\\SENAPARKING\\SENAPARKING\\SENAPARKING\\models\\userModel.js","statementMap":{"0":{"start":{"line":1,"column":11},"end":{"line":1,"column":34}},"1":{"start":{"line":3,"column":13},"end":{"line":48,"column":1}},"2":{"start":{"line":5,"column":17},"end":{"line":10,"column":14}},"3":{"start":{"line":12,"column":2},"end":{"line":12,"column":17}},"4":{"start":{"line":16,"column":19},"end":{"line":16,"column":133}},"5":{"start":{"line":17,"column":4},"end":{"line":17,"column":19}},"6":{"start":{"line":21,"column":79},"end":{"line":21,"column":83}},"7":{"start":{"line":22,"column":21},"end":{"line":26,"column":5}},"8":{"start":{"line":27,"column":4},"end":{"line":27,"column":27}},"9":{"start":{"line":30,"column":19},"end":{"line":30,"column":107}},"10":{"start":{"line":31,"column":4},"end":{"line":31,"column":16}},"11":{"start":{"line":34,"column":16},"end":{"line":34,"column":18}},"12":{"start":{"line":35,"column":19},"end":{"line":35,"column":21}},"13":{"start":{"line":36,"column":4},"end":{"line":39,"column":5}},"14":{"start":{"line":37,"column":6},"end":{"line":37,"column":29}},"15":{"start":{"line":38,"column":6},"end":{"line":38,"column":31}},"16":{"start":{"line":40,"column":4},"end":{"line":40,"column":33}},"17":{"start":{"line":40,"column":26},"end":{"line":40,"column":33}},"18":{"start":{"line":41,"column":4},"end":{"line":41,"column":20}},"19":{"start":{"line":42,"column":16},"end":{"line":42,"column":74}},"20":{"start":{"line":43,"column":4},"end":{"line":43,"column":32}},"21":{"start":{"line":46,"column":4},"end":{"line":46,"column":68}},"22":{"start":{"line":50,"column":0},"end":{"line":50,"column":22}}},"fnMap":{"0":{"name":"(anonymous_0)","decl":{"start":{"line":4,"column":0},"end":{"line":4,"column":1}},"loc":{"start":{"line":4,"column":26},"end":{"line":13,"column":1}},"line":4},"1":{"name":"(anonymous_1)","decl":{"start":{"line":15,"column":2},"end":{"line":15,"column":3}},"loc":{"start":{"line":15,"column":21},"end":{"line":18,"column":3}},"line":15},"2":{"name":"(anonymous_2)","decl":{"start":{"line":20,"column":2},"end":{"line":20,"column":3}},"loc":{"start":{"line":20,"column":21},"end":{"line":28,"column":3}},"line":20},"3":{"name":"(anonymous_3)","decl":{"start":{"line":29,"column":2},"end":{"line":29,"column":3}},"loc":{"start":{"line":29,"column":15},"end":{"line":32,"column":3}},"line":29},"4":{"name":"(anonymous_4)","decl":{"start":{"line":33,"column":2},"end":{"line":33,"column":3}},"loc":{"start":{"line":33,"column":27},"end":{"line":44,"column":3}},"line":33},"5":{"name":"(anonymous_5)","decl":{"start":{"line":45,"column":2},"end":{"line":45,"column":3}},"loc":{"start":{"line":45,"column":19},"end":{"line":47,"column":3}},"line":45}},"branchMap":{"0":{"loc":{"start":{"line":40,"column":4},"end":{"line":40,"column":33}},"type":"if","locations":[{"start":{"line":40,"column":4},"end":{"line":40,"column":33}},{"start":{},"end":{}}],"line":40}},"s":{"0":2,"1":2,"2":0,"3":0,"4":0,"5":0,"6":0,"7":0,"8":0,"9":0,"10":0,"11":0,"12":0,"13":0,"14":0,"15":0,"16":0,"17":0,"18":0,"19":0,"20":0,"21":0,"22":2},"f":{"0":0,"1":0,"2":0,"3":0,"4":0,"5":0},"b":{"0":[0,0]},"_coverageSchema":"1a1c01bbd47fc00a2c39e90264f33305004495a9","hash":"bd3f99ea1a6c1d18e34bb1dbfbcfcd4f503ede38"}
,"C:\\SENAPARKING (2)\\SENAPARKING\\SENAPARKING\\SENAPARKING\\models\\vehicleModel.js": {"path":"C:\\SENAPARKING (2)\\SENAPARKING\\SENAPARKING\\SENAPARKING\\models\\vehicleModel.js","statementMap":{"0":{"start":{"line":1,"column":11},"end":{"line":1,"column":34}},"1":{"start":{"line":3,"column":16},"end":{"line":64,"column":1}},"2":{"start":{"line":5,"column":60},"end":{"line":5,"column":64}},"3":{"start":{"line":6,"column":21},"end":{"line":10,"column":5}},"4":{"start":{"line":11,"column":4},"end":{"line":11,"column":27}},"5":{"start":{"line":15,"column":19},"end":{"line":17,"column":6}},"6":{"start":{"line":18,"column":4},"end":{"line":18,"column":19}},"7":{"start":{"line":22,"column":19},"end":{"line":35,"column":5}},"8":{"start":{"line":36,"column":4},"end":{"line":36,"column":16}},"9":{"start":{"line":39,"column":19},"end":{"line":42,"column":5}},"10":{"start":{"line":43,"column":4},"end":{"line":43,"column":19}},"11":{"start":{"line":47,"column":4},"end":{"line":47,"column":70}},"12":{"start":{"line":52,"column":19},"end":{"line":61,"column":4}},"13":{"start":{"line":62,"column":4},"end":{"line":62,"column":16}},"14":{"start":{"line":66,"column":0},"end":{"line":66,"column":25}}},"fnMap":{"0":{"name":"(anonymous_0)","decl":{"start":{"line":4,"column":2},"end":{"line":4,"column":3}},"loc":{"start":{"line":4,"column":21},"end":{"line":12,"column":3}},"line":4},"1":{"name":"(anonymous_1)","decl":{"start":{"line":14,"column":2},"end":{"line":14,"column":3}},"loc":{"start":{"line":14,"column":27},"end":{"line":19,"column":3}},"line":14},"2":{"name":"(anonymous_2)","decl":{"start":{"line":21,"column":2},"end":{"line":21,"column":3}},"loc":{"start":{"line":21,"column":30},"end":{"line":37,"column":3}},"line":21},"3":{"name":"(anonymous_3)","decl":{"start":{"line":38,"column":2},"end":{"line":38,"column":3}},"loc":{"start":{"line":38,"column":20},"end":{"line":44,"column":3}},"line":38},"4":{"name":"(anonymous_4)","decl":{"start":{"line":46,"column":2},"end":{"line":46,"column":3}},"loc":{"start":{"line":46,"column":19},"end":{"line":48,"column":3}},"line":46},"5":{"name":"(anonymous_5)","decl":{"start":{"line":51,"column":2},"end":{"line":51,"column":3}},"loc":{"start":{"line":51,"column":18},"end":{"line":63,"column":3}},"line":51}},"branchMap":{},"s":{"0":2,"1":2,"2":0,"3":0,"4":0,"5":0,"6":0,"7":0,"8":0,"9":0,"10":0,"11":0,"12":0,"13":0,"14":2},"f":{"0":0,"1":0,"2":0,"3":0,"4":0,"5":0},"b":{},"_coverageSchema":"1a1c01bbd47fc00a2c39e90264f33305004495a9","hash":"17bdb5316de925baf1839d2b48b4746f7e115c68"}
}
