TN:
SF:config\db.js
FNF:0
FNH:0
DA:1,6
DA:2,6
DA:3,6
DA:5,6
DA:16,6
LF:5
LH:5
BRDA:6,0,0,6
BRDA:6,0,1,0
BRDA:7,1,0,6
BRDA:7,1,1,0
BRDA:8,2,0,6
BRDA:8,2,1,6
BRDA:9,3,0,6
BRDA:9,3,1,0
BRDA:10,4,0,6
BRDA:10,4,1,0
BRF:10
BRH:6
end_of_record
TN:
SF:controllers\authController.js
FN:23,(anonymous_0)
FN:37,(anonymous_1)
FN:61,(anonymous_2)
FN:88,(anonymous_3)
FNF:4
FNH:2
FNDA:3,(anonymous_0)
FNDA:4,(anonymous_1)
FNDA:0,(anonymous_2)
FNDA:0,(anonymous_3)
DA:1,1
DA:2,1
DA:3,1
DA:4,1
DA:6,1
DA:7,1
DA:8,1
DA:11,1
DA:14,1
DA:22,1
DA:24,3
DA:25,3
DA:26,3
DA:27,2
DA:28,1
DA:29,1
DA:30,1
DA:31,1
DA:33,1
DA:34,1
DA:38,4
DA:39,4
DA:40,4
DA:42,4
DA:45,3
DA:46,0
DA:49,3
DA:50,3
DA:52,2
DA:53,2
DA:54,2
DA:56,0
DA:57,0
DA:62,0
DA:63,0
DA:64,0
DA:65,0
DA:68,0
DA:69,0
DA:72,0
DA:79,0
DA:81,0
DA:83,0
DA:84,0
DA:89,0
DA:90,0
DA:91,0
DA:92,0
DA:94,0
DA:95,0
DA:96,0
DA:97,0
DA:99,0
DA:100,0
DA:105,1
LF:55
LH:31
BRDA:27,0,0,1
BRDA:27,0,1,1
BRDA:42,1,0,1
BRDA:42,1,1,3
BRDA:45,2,0,0
BRDA:45,2,1,3
BRDA:50,3,0,1
BRDA:50,3,1,2
BRDA:53,4,0,2
BRDA:53,4,1,0
BRDA:57,5,0,0
BRDA:57,5,1,0
BRDA:65,6,0,0
BRDA:65,6,1,0
BRDA:92,7,0,0
BRDA:92,7,1,0
BRDA:92,8,0,0
BRDA:92,8,1,0
BRF:18
BRH:8
end_of_record
TN:
SF:controllers\movimientoController.js
FN:6,(anonymous_0)
FN:29,(anonymous_1)
FN:63,(anonymous_2)
FN:70,(anonymous_3)
FN:76,(anonymous_4)
FNF:5
FNH:3
FNDA:6,(anonymous_0)
FNDA:5,(anonymous_1)
FNDA:1,(anonymous_2)
FNDA:0,(anonymous_3)
FNDA:0,(anonymous_4)
DA:1,1
DA:2,1
DA:3,1
DA:5,1
DA:7,6
DA:8,6
DA:9,6
DA:10,6
DA:12,4
DA:13,4
DA:15,3
DA:16,3
DA:18,3
DA:24,0
DA:25,0
DA:30,5
DA:31,5
DA:33,5
DA:34,1
DA:35,1
DA:38,4
DA:39,3
DA:40,3
DA:42,2
DA:43,2
DA:45,1
DA:46,1
DA:48,1
DA:55,1
DA:58,0
DA:59,0
DA:64,1
DA:65,1
DA:66,1
DA:71,0
DA:72,0
DA:77,0
DA:78,0
DA:82,1
LF:39
LH:31
BRDA:10,0,0,2
BRDA:10,0,1,4
BRDA:13,1,0,1
BRDA:13,1,1,3
BRDA:33,2,0,1
BRDA:33,2,1,4
BRDA:38,3,0,3
BRDA:38,3,1,1
BRDA:40,4,0,1
BRDA:40,4,1,2
BRDA:43,5,0,1
BRDA:43,5,1,1
BRF:12
BRH:12
end_of_record
TN:
SF:controllers\vehicleController.js
FN:4,(anonymous_0)
FN:21,(anonymous_1)
FN:28,(anonymous_2)
FN:33,(anonymous_3)
FNF:4
FNH:4
FNDA:3,(anonymous_0)
FNDA:1,(anonymous_1)
FNDA:1,(anonymous_2)
FNDA:1,(anonymous_3)
DA:1,1
DA:3,1
DA:5,3
DA:6,3
DA:7,3
DA:9,2
DA:18,2
DA:22,1
DA:23,1
DA:24,1
DA:29,1
DA:30,1
DA:34,1
DA:35,1
DA:36,1
DA:40,1
LF:16
LH:16
BRDA:7,0,0,1
BRDA:7,0,1,2
BRDA:10,1,0,2
BRDA:10,1,1,1
BRDA:15,2,0,2
BRDA:15,2,1,2
BRF:6
BRH:6
end_of_record
TN:
SF:middlewares\auth.js
FN:5,(anonymous_0)
FNF:1
FNH:1
FNDA:5,(anonymous_0)
DA:1,1
DA:2,1
DA:3,1
DA:5,1
DA:6,5
DA:7,5
DA:8,4
DA:9,4
DA:10,4
DA:11,2
DA:12,2
DA:14,2
DA:18,1
LF:13
LH:13
BRDA:7,0,0,1
BRDA:7,0,1,4
BRF:2
BRH:2
end_of_record
TN:
SF:models\movimientoModel.js
FN:4,(anonymous_0)
FN:12,(anonymous_1)
FN:19,(anonymous_2)
FN:27,(anonymous_3)
FN:40,(anonymous_4)
FN:56,(anonymous_5)
FNF:6
FNH:0
FNDA:0,(anonymous_0)
FNDA:0,(anonymous_1)
FNDA:0,(anonymous_2)
FNDA:0,(anonymous_3)
FNDA:0,(anonymous_4)
FNDA:0,(anonymous_5)
DA:1,1
DA:3,1
DA:5,0
DA:9,0
DA:14,0
DA:15,0
DA:16,0
DA:20,0
DA:24,0
DA:28,0
DA:36,0
DA:41,0
DA:52,0
DA:57,0
DA:65,0
DA:70,1
LF:16
LH:3
BRF:0
BRH:0
end_of_record
TN:
SF:models\notificacionModel.js
FN:4,(anonymous_0)
FN:8,(anonymous_1)
FN:12,(anonymous_2)
FNF:3
FNH:0
FNDA:0,(anonymous_0)
FNDA:0,(anonymous_1)
FNDA:0,(anonymous_2)
DA:1,1
DA:3,1
DA:5,0
DA:6,0
DA:9,0
DA:10,0
DA:13,0
DA:17,1
LF:8
LH:3
BRF:0
BRH:0
end_of_record
TN:
SF:models\userModel.js
FN:4,(anonymous_0)
FN:15,(anonymous_1)
FN:20,(anonymous_2)
FN:29,(anonymous_3)
FN:33,(anonymous_4)
FN:45,(anonymous_5)
FNF:6
FNH:0
FNDA:0,(anonymous_0)
FNDA:0,(anonymous_1)
FNDA:0,(anonymous_2)
FNDA:0,(anonymous_3)
FNDA:0,(anonymous_4)
FNDA:0,(anonymous_5)
DA:1,2
DA:3,2
DA:5,0
DA:12,0
DA:16,0
DA:17,0
DA:21,0
DA:22,0
DA:27,0
DA:30,0
DA:31,0
DA:34,0
DA:35,0
DA:36,0
DA:37,0
DA:38,0
DA:40,0
DA:41,0
DA:42,0
DA:43,0
DA:46,0
DA:50,2
LF:22
LH:3
BRDA:40,0,0,0
BRDA:40,0,1,0
BRF:2
BRH:0
end_of_record
TN:
SF:models\vehicleModel.js
FN:4,(anonymous_0)
FN:14,(anonymous_1)
FN:21,(anonymous_2)
FN:38,(anonymous_3)
FN:46,(anonymous_4)
FN:51,(anonymous_5)
FNF:6
FNH:0
FNDA:0,(anonymous_0)
FNDA:0,(anonymous_1)
FNDA:0,(anonymous_2)
FNDA:0,(anonymous_3)
FNDA:0,(anonymous_4)
FNDA:0,(anonymous_5)
DA:1,2
DA:3,2
DA:5,0
DA:6,0
DA:11,0
DA:15,0
DA:18,0
DA:22,0
DA:36,0
DA:39,0
DA:43,0
DA:47,0
DA:52,0
DA:62,0
DA:66,2
LF:15
LH:3
BRF:0
BRH:0
end_of_record
